2026-04-26 17:44:44,763 - ERROR - Error 401: API key inválida.
2026-04-26 17:49:16,695 - ERROR - Error 401: API key inválida.
2026-04-26 17:54:12,325 - ERROR - Error 401: API key inválida.
2026-04-26 18:27:21,171 - ERROR - Error 401: API key inválida.
2026-04-26 18:27:58,901 - ERROR - Error 401: API key inválida.
2026-04-26 18:29:39,506 - ERROR - Error 401: API key inválida.
2026-04-26 18:39:01,749 - ERROR - Error 401: API key inválida.
2026-04-26 19:02:33,071 - ERROR - Error 401: API key inválida o no autorizada.
2026-04-26 19:48:58,392 - ERROR - Error 401: API key inválida.
2026-04-26 20:21:01,074 - INFO - Consulta exitosa para alexamurillo783@gmail.com. No se encontraron brechas.
2026-04-26 20:21:57,692 - INFO - Consulta exitosa para alexamurillo783@gmail.com. No se encontraron brechas.
2026-04-26 20:23:07,790 - INFO - Consulta exitosa para david.perezlv@uanl.edu.mx. No se encontraron brechas.
2026-04-26 20:25:44,051 - INFO - Consulta exitosa para 070@nuevoleon.gob.mx. No se encontraron brechas.
2026-04-26 20:26:55,338 - INFO - Consulta exitosa para marisolsoto.mtz@gmail.com. Brechas encontradas: 2
2026-04-26 20:30:33,763 - INFO - Consulta exitosa para marisolsoto.mtz@gmail.com. Brechas encontradas: 2
2026-04-26 20:31:23,419 - INFO - Consulta exitosa para marisolsoto.mtz@gmail.com. Brechas encontradas: 2
2026-04-26 20:33:08,186 - INFO - Consulta exitosa para marisolsoto.mtz@gmail.com. Brechas encontradas: 2
2026-04-26 20:38:58,053 - INFO - Consulta exitosa para marisolsoto.mtz@gmail.com. Brechas encontradas: 2
2026-04-26 20:40:05,773 - INFO - Consulta exitosa para marisolsoto.mtz@gmail.com. Brechas encontradas: 2
2026-04-26 20:43:37,019 - INFO - Consulta exitosa para marisolsoto.mtz@gmail.com. Brechas encontradas: 2
2026-04-26 20:45:17,785 - INFO - Consulta exitosa para marisolsoto.mtz@gmail.com. Brechas encontradas: 2
2026-04-26 20:59:15,977 - INFO - Consulta exitosa para nosoyotaku@gmail.com. No se encontraron brechas.
2026-04-26 20:59:54,945 - INFO - Consulta exitosa para ivan_y2k@hotmail.com. Brechas encontradas: 1
2026-04-26 21:04:36,854 - INFO - Consulta exitosa para ivan_y2k@hotmail.com. Brechas encontradas: 1
2026-04-26 21:06:28,678 - INFO - Consulta exitosa para alexa.murillos@uanl.edu.mx. No se encontraron brechas.
